Started GET "/" for ::1 at 2019-05-09 14:31:42 -0400
Processing by KeyboardDemosController#demo1 as HTML
  Rendering keyboard_demos/demo1.html.erb within layouts/application
  Rendered keyboard_demos/demo1.html.erb within layouts/application (15.4ms)
Completed 200 OK in 2471ms (Views: 2462.0ms | ActiveRecord: 0.0ms)


Started GET "/" for ::1 at 2019-05-09 14:32:13 -0400
Processing by KeyboardDemosController#demo1 as HTML
  Rendering keyboard_demos/demo1.html.erb within layouts/application
  Rendered keyboard_demos/demo1.html.erb within layouts/application (0.7ms)
Completed 200 OK in 31ms (Views: 29.9ms | ActiveRecord: 0.0ms)


Started GET "/" for ::1 at 2019-05-09 14:39:28 -0400
Processing by KeyboardDemosController#demo1 as HTML
  Rendering keyboard_demos/demo1.html.erb within layouts/application
  Rendered keyboard_demos/demo1.html.erb within layouts/application (1.1ms)
Completed 200 OK in 291ms (Views: 289.1ms | ActiveRecord: 0.0ms)


Started GET "/" for ::1 at 2019-05-09 14:40:06 -0400
Processing by KeyboardDemosController#demo1 as HTML
  Rendering keyboard_demos/demo1.html.erb within layouts/application
  Rendered keyboard_demos/demo1.html.erb within layouts/application (0.6ms)
Completed 200 OK in 141ms (Views: 139.0ms | ActiveRecord: 0.0ms)


Started GET "/" for ::1 at 2019-05-09 15:58:06 -0400
Processing by KeyboardDemosController#demo1 as HTML
  Rendering keyboard_demos/demo1.html.erb within layouts/application
  Rendered keyboard_demos/demo1.html.erb within layouts/application (0.8ms)
Completed 200 OK in 121ms (Views: 119.3ms | ActiveRecord: 0.0ms)


Started GET "/" for ::1 at 2019-05-09 15:58:59 -0400
Processing by KeyboardDemosController#demo1 as HTML
  Rendering keyboard_demos/demo1.html.erb within layouts/application
  Rendered keyboard_demos/demo1.html.erb within layouts/application (0.4ms)
Completed 200 OK in 108ms (Views: 107.2ms | ActiveRecord: 0.0ms)


Started GET "/" for ::1 at 2019-05-09 16:01:32 -0400
Processing by KeyboardDemosController#demo1 as HTML
  Rendering keyboard_demos/demo1.html.erb within layouts/application
  Rendered keyboard_demos/demo1.html.erb within layouts/application (0.5ms)
Completed 200 OK in 108ms (Views: 105.9ms | ActiveRecord: 0.0ms)


Started GET "/" for ::1 at 2019-05-09 16:02:24 -0400
Processing by KeyboardDemosController#demo1 as HTML
  Rendering keyboard_demos/demo1.html.erb within layouts/application
  Rendered keyboard_demos/demo1.html.erb within layouts/application (1.4ms)
Completed 200 OK in 159ms (Views: 157.1ms | ActiveRecord: 0.0ms)


Started GET "/" for ::1 at 2019-05-09 16:03:10 -0400
Processing by KeyboardDemosController#demo1 as HTML
  Rendering keyboard_demos/demo1.html.erb within layouts/application
  Rendered keyboard_demos/demo1.html.erb within layouts/application (0.6ms)
Completed 200 OK in 125ms (Views: 123.8ms | ActiveRecord: 0.0ms)


Started GET "/" for ::1 at 2019-05-09 16:29:10 -0400
Processing by KeyboardDemosController#demo1 as HTML
  Rendering keyboard_demos/demo1.html.erb within layouts/application
  Rendered keyboard_demos/demo1.html.erb within layouts/application (0.5ms)
Completed 200 OK in 116ms (Views: 114.4ms | ActiveRecord: 0.0ms)


Started GET "/" for ::1 at 2019-05-09 16:29:41 -0400
Processing by KeyboardDemosController#demo1 as HTML
  Rendering keyboard_demos/demo1.html.erb within layouts/application
  Rendered keyboard_demos/demo1.html.erb within layouts/application (0.4ms)
Completed 200 OK in 122ms (Views: 120.8ms | ActiveRecord: 0.0ms)


Started GET "/" for ::1 at 2019-05-09 16:30:06 -0400
Processing by KeyboardDemosController#demo1 as HTML
  Rendering keyboard_demos/demo1.html.erb within layouts/application
  Rendered keyboard_demos/demo1.html.erb within layouts/application (0.4ms)
Completed 200 OK in 115ms (Views: 114.1ms | ActiveRecord: 0.0ms)


Started GET "/" for ::1 at 2019-05-09 16:35:27 -0400
Processing by KeyboardDemosController#demo1 as HTML
  Rendering keyboard_demos/demo1.html.erb within layouts/application
  Rendered keyboard_demos/demo1.html.erb within layouts/application (0.5ms)
Completed 200 OK in 124ms (Views: 122.8ms | ActiveRecord: 0.0ms)


Started GET "/" for ::1 at 2019-05-09 16:36:55 -0400
Processing by KeyboardDemosController#demo1 as HTML
  Rendering keyboard_demos/demo1.html.erb within layouts/application
  Rendered keyboard_demos/demo1.html.erb within layouts/application (0.7ms)
Completed 200 OK in 45ms (Views: 42.9ms | ActiveRecord: 0.0ms)


Started GET "/" for ::1 at 2019-05-09 16:36:57 -0400
Processing by KeyboardDemosController#demo1 as HTML
  Rendering keyboard_demos/demo1.html.erb within layouts/application
  Rendered keyboard_demos/demo1.html.erb within layouts/application (0.8ms)
Completed 200 OK in 45ms (Views: 43.9ms | ActiveRecord: 0.0ms)


Started GET "/" for ::1 at 2019-05-09 16:38:36 -0400
Processing by KeyboardDemosController#demo1 as HTML
  Rendering keyboard_demos/demo1.html.erb within layouts/application
  Rendered keyboard_demos/demo1.html.erb within layouts/application (0.8ms)
Completed 200 OK in 52ms (Views: 50.1ms | ActiveRecord: 0.0ms)


Started GET "/" for ::1 at 2019-05-09 16:39:04 -0400
Processing by KeyboardDemosController#demo1 as HTML
  Rendering keyboard_demos/demo1.html.erb within layouts/application
  Rendered keyboard_demos/demo1.html.erb within layouts/application (0.5ms)
Completed 200 OK in 41ms (Views: 39.8ms | ActiveRecord: 0.0ms)


Started GET "/" for ::1 at 2019-05-09 16:44:10 -0400
Processing by KeyboardDemosController#demo1 as HTML
  Rendering keyboard_demos/demo1.html.erb within layouts/application
  Rendered keyboard_demos/demo1.html.erb within layouts/application (0.6ms)
Completed 200 OK in 123ms (Views: 121.9ms | ActiveRecord: 0.0ms)


Started GET "/" for ::1 at 2019-05-09 16:45:12 -0400
Processing by KeyboardDemosController#demo1 as HTML
  Rendering keyboard_demos/demo1.html.erb within layouts/application
  Rendered keyboard_demos/demo1.html.erb within layouts/application (0.6ms)
Completed 200 OK in 116ms (Views: 114.2ms | ActiveRecord: 0.0ms)


Started GET "/" for ::1 at 2019-05-09 16:47:01 -0400
Processing by KeyboardDemosController#demo1 as HTML
  Rendering keyboard_demos/demo1.html.erb within layouts/application
  Rendered keyboard_demos/demo1.html.erb within layouts/application (0.6ms)
Completed 200 OK in 214ms (Views: 212.5ms | ActiveRecord: 0.0ms)


Started GET "/" for ::1 at 2019-05-09 16:49:25 -0400
Processing by KeyboardDemosController#demo1 as HTML
  Rendering keyboard_demos/demo1.html.erb within layouts/application
  Rendered keyboard_demos/demo1.html.erb within layouts/application (0.6ms)
Completed 200 OK in 122ms (Views: 120.7ms | ActiveRecord: 0.0ms)


Started GET "/" for ::1 at 2019-05-09 16:50:05 -0400
Processing by KeyboardDemosController#demo1 as HTML
  Rendering keyboard_demos/demo1.html.erb within layouts/application
  Rendered keyboard_demos/demo1.html.erb within layouts/application (0.5ms)
Completed 200 OK in 121ms (Views: 120.5ms | ActiveRecord: 0.0ms)


Started GET "/" for ::1 at 2019-05-09 16:50:19 -0400
Processing by KeyboardDemosController#demo1 as HTML
  Rendering keyboard_demos/demo1.html.erb within layouts/application
  Rendered keyboard_demos/demo1.html.erb within layouts/application (1.2ms)
Completed 200 OK in 124ms (Views: 122.6ms | ActiveRecord: 0.0ms)


Started GET "/" for ::1 at 2019-05-09 16:51:09 -0400
Processing by KeyboardDemosController#demo1 as HTML
  Rendering keyboard_demos/demo1.html.erb within layouts/application
  Rendered keyboard_demos/demo1.html.erb within layouts/application (0.9ms)
Completed 200 OK in 125ms (Views: 122.6ms | ActiveRecord: 0.0ms)


Started GET "/" for ::1 at 2019-05-09 16:51:46 -0400
Processing by KeyboardDemosController#demo1 as HTML
  Rendering keyboard_demos/demo1.html.erb within layouts/application
  Rendered keyboard_demos/demo1.html.erb within layouts/application (0.5ms)
Completed 200 OK in 122ms (Views: 120.6ms | ActiveRecord: 0.0ms)


Started GET "/" for ::1 at 2019-05-09 16:54:53 -0400
Processing by KeyboardDemosController#demo1 as HTML
  Rendering keyboard_demos/demo1.html.erb within layouts/application
  Rendered keyboard_demos/demo1.html.erb within layouts/application (0.5ms)
Completed 200 OK in 114ms (Views: 112.6ms | ActiveRecord: 0.0ms)


Started GET "/" for ::1 at 2019-05-09 16:55:19 -0400
Processing by KeyboardDemosController#demo1 as HTML
  Rendering keyboard_demos/demo1.html.erb within layouts/application
  Rendered keyboard_demos/demo1.html.erb within layouts/application (0.4ms)
Completed 200 OK in 117ms (Views: 115.8ms | ActiveRecord: 0.0ms)


Started GET "/" for ::1 at 2019-05-09 16:55:39 -0400
Processing by KeyboardDemosController#demo1 as HTML
  Rendering keyboard_demos/demo1.html.erb within layouts/application
  Rendered keyboard_demos/demo1.html.erb within layouts/application (0.7ms)
Completed 200 OK in 123ms (Views: 119.7ms | ActiveRecord: 0.0ms)


Started GET "/" for ::1 at 2019-05-09 16:55:56 -0400
Processing by KeyboardDemosController#demo1 as HTML
  Rendering keyboard_demos/demo1.html.erb within layouts/application
  Rendered keyboard_demos/demo1.html.erb within layouts/application (0.7ms)
Completed 200 OK in 134ms (Views: 122.1ms | ActiveRecord: 0.0ms)


Started GET "/" for ::1 at 2019-05-09 16:56:24 -0400
Processing by KeyboardDemosController#demo1 as HTML
  Rendering keyboard_demos/demo1.html.erb within layouts/application
  Rendered keyboard_demos/demo1.html.erb within layouts/application (1.1ms)
Completed 200 OK in 135ms (Views: 134.1ms | ActiveRecord: 0.0ms)


Started GET "/" for ::1 at 2019-05-09 16:56:39 -0400
Processing by KeyboardDemosController#demo1 as HTML
  Rendering keyboard_demos/demo1.html.erb within layouts/application
  Rendered keyboard_demos/demo1.html.erb within layouts/application (0.6ms)
Completed 200 OK in 32ms (Views: 31.0ms | ActiveRecord: 0.0ms)


Started GET "/" for ::1 at 2019-05-09 17:00:09 -0400
Processing by KeyboardDemosController#demo1 as HTML
  Rendering keyboard_demos/demo1.html.erb within layouts/application
  Rendered keyboard_demos/demo1.html.erb within layouts/application (0.6ms)
Completed 200 OK in 119ms (Views: 117.1ms | ActiveRecord: 0.0ms)


Started GET "/" for ::1 at 2019-05-09 17:00:41 -0400
Processing by KeyboardDemosController#demo1 as HTML
  Rendering keyboard_demos/demo1.html.erb within layouts/application
  Rendered keyboard_demos/demo1.html.erb within layouts/application (0.6ms)
Completed 200 OK in 36ms (Views: 34.1ms | ActiveRecord: 0.0ms)


Started GET "/" for ::1 at 2019-05-09 17:02:29 -0400
Processing by KeyboardDemosController#demo1 as HTML
  Rendering keyboard_demos/demo1.html.erb within layouts/application
  Rendered keyboard_demos/demo1.html.erb within layouts/application (0.8ms)
Completed 200 OK in 124ms (Views: 122.7ms | ActiveRecord: 0.0ms)


Started GET "/" for ::1 at 2019-05-09 17:02:58 -0400
Processing by KeyboardDemosController#demo1 as HTML
  Rendering keyboard_demos/demo1.html.erb within layouts/application
  Rendered keyboard_demos/demo1.html.erb within layouts/application (0.5ms)
Completed 200 OK in 136ms (Views: 135.0ms | ActiveRecord: 0.0ms)


Started GET "/" for ::1 at 2019-05-09 17:05:13 -0400
Processing by KeyboardDemosController#demo1 as HTML
  Rendering keyboard_demos/demo1.html.erb within layouts/application
  Rendered keyboard_demos/demo1.html.erb within layouts/application (0.4ms)
Completed 200 OK in 113ms (Views: 111.5ms | ActiveRecord: 0.0ms)


Started GET "/" for ::1 at 2019-05-09 17:25:33 -0400
Processing by KeyboardDemosController#demo1 as HTML
  Rendering keyboard_demos/demo1.html.erb within layouts/application
  Rendered keyboard_demos/demo1.html.erb within layouts/application (9.0ms)
Completed 200 OK in 122ms (Views: 119.1ms | ActiveRecord: 0.0ms)


Started GET "/" for ::1 at 2019-05-09 17:26:28 -0400
Processing by KeyboardDemosController#demo1 as HTML
  Rendering keyboard_demos/demo1.html.erb within layouts/application
  Rendered keyboard_demos/demo1.html.erb within layouts/application (0.4ms)
Completed 200 OK in 105ms (Views: 104.3ms | ActiveRecord: 0.0ms)


Started GET "/" for ::1 at 2019-05-09 17:26:53 -0400
Processing by KeyboardDemosController#demo1 as HTML
  Rendering keyboard_demos/demo1.html.erb within layouts/application
  Rendered keyboard_demos/demo1.html.erb within layouts/application (1.1ms)
Completed 200 OK in 42ms (Views: 40.3ms | ActiveRecord: 0.0ms)


Started GET "/" for ::1 at 2019-05-09 17:27:29 -0400
Processing by KeyboardDemosController#demo1 as HTML
  Rendering keyboard_demos/demo1.html.erb within layouts/application
  Rendered keyboard_demos/demo1.html.erb within layouts/application (0.6ms)
Completed 200 OK in 115ms (Views: 112.9ms | ActiveRecord: 0.0ms)


Started GET "/" for ::1 at 2019-05-09 17:28:10 -0400
Processing by KeyboardDemosController#demo1 as HTML
  Rendering keyboard_demos/demo1.html.erb within layouts/application
  Rendered keyboard_demos/demo1.html.erb within layouts/application (1.5ms)
Completed 200 OK in 139ms (Views: 135.7ms | ActiveRecord: 0.0ms)


Started GET "/" for ::1 at 2019-05-09 18:16:39 -0400
Processing by KeyboardDemosController#demo1 as HTML
  Rendering keyboard_demos/demo1.html.erb within layouts/application
  Rendered keyboard_demos/demo1.html.erb within layouts/application (1.2ms)
Completed 200 OK in 218ms (Views: 215.4ms | ActiveRecord: 0.0ms)


Started GET "/" for ::1 at 2019-05-09 18:17:38 -0400
Processing by KeyboardDemosController#demo1 as HTML
  Rendering keyboard_demos/demo1.html.erb within layouts/application
  Rendered keyboard_demos/demo1.html.erb within layouts/application (0.4ms)
Completed 200 OK in 141ms (Views: 140.0ms | ActiveRecord: 0.0ms)


Started GET "/" for ::1 at 2019-05-09 18:17:52 -0400
Processing by KeyboardDemosController#demo1 as HTML
  Rendering keyboard_demos/demo1.html.erb within layouts/application
  Rendered keyboard_demos/demo1.html.erb within layouts/application (0.5ms)
Completed 200 OK in 239ms (Views: 237.4ms | ActiveRecord: 0.0ms)


Started GET "/" for ::1 at 2019-05-09 18:18:51 -0400
Processing by KeyboardDemosController#demo1 as HTML
  Rendering keyboard_demos/demo1.html.erb within layouts/application
  Rendered keyboard_demos/demo1.html.erb within layouts/application (1.0ms)
Completed 200 OK in 119ms (Views: 117.5ms | ActiveRecord: 0.0ms)


Started GET "/" for ::1 at 2019-05-09 18:19:02 -0400
Processing by KeyboardDemosController#demo1 as HTML
  Rendering keyboard_demos/demo1.html.erb within layouts/application
  Rendered keyboard_demos/demo1.html.erb within layouts/application (0.5ms)
Completed 200 OK in 114ms (Views: 113.2ms | ActiveRecord: 0.0ms)


